Info: Starting: Create block symbol file (.bsf)
Info: qsys-generate /home/jictyvoo/Documents/git/SistemasP1/src/quartus_project/JooJump_processor.qsys --block-symbol-file --output-directory=/home/jictyvoo/Documents/git/SistemasP1/src/quartus_project/JooJump_processor --family="Cyclone IV E" --part=EP4CE6E22C8
Progress: Loading quartus_project/JooJump_processor.qsys
Progress: Reading input file
Progress: Adding clk_0 [clock_source 18.0]
Progress: Parameterizing module clk_0
Progress: Adding counter_8bit [altera_avalon_pio 18.0]
Progress: Parameterizing module counter_8bit
Progress: Adding display_lcd [altera_avalon_pio 18.0]
Progress: Parameterizing module display_lcd
Progress: Adding jtag_uart_0 [altera_avalon_jtag_uart 18.0]
Progress: Parameterizing module jtag_uart_0
Progress: Adding nios2_gen2_0 [altera_nios2_gen2 18.0]
Progress: Parameterizing module nios2_gen2_0
Progress: Adding onchip_memory2_0 [altera_avalon_onchip_memory2 18.0]
Progress: Parameterizing module onchip_memory2_0
Progress: Adding sysid_qsys_0 [altera_avalon_sysid_qsys 18.0]
Progress: Parameterizing module sysid_qsys_0
Progress: Building connections
Progress: Parameterizing connections
Progress: Validating
Progress: Done reading input file
Info: JooJump_processor.counter_8bit: PIO inputs are not hardwired in test bench. Undefined values will be read from PIO inputs during simulation.
Info: JooJump_processor.jtag_uart_0: JTAG UART IP input clock need to be at least double (2x) the operating frequency of JTAG TCK on board
Info: JooJump_processor.sysid_qsys_0: System ID is not assigned automatically. Edit the System ID parameter to provide a unique ID
Info: JooJump_processor.sysid_qsys_0: Time stamp will be automatically updated when this component is generated.
Info: qsys-generate succeeded.
Info: Finished: Create block symbol file (.bsf)
Info: 
Info: Starting: Create HDL design files for synthesis
Info: qsys-generate /home/jictyvoo/Documents/git/SistemasP1/src/quartus_project/JooJump_processor.qsys --synthesis=VERILOG --output-directory=/home/jictyvoo/Documents/git/SistemasP1/src/quartus_project/JooJump_processor/synthesis --family="Cyclone IV E" --part=EP4CE6E22C8
Progress: Loading quartus_project/JooJump_processor.qsys
Progress: Reading input file
Progress: Adding clk_0 [clock_source 18.0]
Progress: Parameterizing module clk_0
Progress: Adding counter_8bit [altera_avalon_pio 18.0]
Progress: Parameterizing module counter_8bit
Progress: Adding display_lcd [altera_avalon_pio 18.0]
Progress: Parameterizing module display_lcd
Progress: Adding jtag_uart_0 [altera_avalon_jtag_uart 18.0]
Progress: Parameterizing module jtag_uart_0
Progress: Adding nios2_gen2_0 [altera_nios2_gen2 18.0]
Progress: Parameterizing module nios2_gen2_0
Progress: Adding onchip_memory2_0 [altera_avalon_onchip_memory2 18.0]
Progress: Parameterizing module onchip_memory2_0
Progress: Adding sysid_qsys_0 [altera_avalon_sysid_qsys 18.0]
Progress: Parameterizing module sysid_qsys_0
Progress: Building connections
Progress: Parameterizing connections
Progress: Validating
Progress: Done reading input file
Info: JooJump_processor.counter_8bit: PIO inputs are not hardwired in test bench. Undefined values will be read from PIO inputs during simulation.
Info: JooJump_processor.jtag_uart_0: JTAG UART IP input clock need to be at least double (2x) the operating frequency of JTAG TCK on board
Info: JooJump_processor.sysid_qsys_0: System ID is not assigned automatically. Edit the System ID parameter to provide a unique ID
Info: JooJump_processor.sysid_qsys_0: Time stamp will be automatically updated when this component is generated.
Info: JooJump_processor: Generating JooJump_processor "JooJump_processor" for QUARTUS_SYNTH
Info: counter_8bit: Starting RTL generation for module 'JooJump_processor_counter_8bit'
Info: counter_8bit:   Generation command is [exec /opt/intelFPGA_lite/18.0/quartus/linux64/perl/bin/perl -I /opt/intelFPGA_lite/18.0/quartus/linux64/perl/lib -I /opt/intelFPGA_lite/18.0/quartus/sopc_builder/bin/europa -I /opt/intelFPGA_lite/18.0/quartus/sopc_builder/bin/perl_lib -I /opt/intelFPGA_lite/18.0/quartus/sopc_builder/bin -I /opt/intelFPGA_lite/18.0/quartus/../ip/altera/sopc_builder_ip/common -I /opt/intelFPGA_lite/18.0/quartus/../ip/altera/sopc_builder_ip/altera_avalon_pio -- /opt/intelFPGA_lite/18.0/quartus/../ip/altera/sopc_builder_ip/altera_avalon_pio/generate_rtl.pl --name=JooJump_processor_counter_8bit --dir=/tmp/alt8225_8771580247887457246.dir/0022_counter_8bit_gen/ --quartus_dir=/opt/intelFPGA_lite/18.0/quartus --verilog --config=/tmp/alt8225_8771580247887457246.dir/0022_counter_8bit_gen//JooJump_processor_counter_8bit_component_configuration.pl  --do_build_sim=0  ]
Info: counter_8bit: Done RTL generation for module 'JooJump_processor_counter_8bit'
Info: counter_8bit: "JooJump_processor" instantiated altera_avalon_pio "counter_8bit"
Info: display_lcd: Starting RTL generation for module 'JooJump_processor_display_lcd'
Info: display_lcd:   Generation command is [exec /opt/intelFPGA_lite/18.0/quartus/linux64/perl/bin/perl -I /opt/intelFPGA_lite/18.0/quartus/linux64/perl/lib -I /opt/intelFPGA_lite/18.0/quartus/sopc_builder/bin/europa -I /opt/intelFPGA_lite/18.0/quartus/sopc_builder/bin/perl_lib -I /opt/intelFPGA_lite/18.0/quartus/sopc_builder/bin -I /opt/intelFPGA_lite/18.0/quartus/../ip/altera/sopc_builder_ip/common -I /opt/intelFPGA_lite/18.0/quartus/../ip/altera/sopc_builder_ip/altera_avalon_pio -- /opt/intelFPGA_lite/18.0/quartus/../ip/altera/sopc_builder_ip/altera_avalon_pio/generate_rtl.pl --name=JooJump_processor_display_lcd --dir=/tmp/alt8225_8771580247887457246.dir/0023_display_lcd_gen/ --quartus_dir=/opt/intelFPGA_lite/18.0/quartus --verilog --config=/tmp/alt8225_8771580247887457246.dir/0023_display_lcd_gen//JooJump_processor_display_lcd_component_configuration.pl  --do_build_sim=0  ]
Info: display_lcd: Done RTL generation for module 'JooJump_processor_display_lcd'
Info: display_lcd: "JooJump_processor" instantiated altera_avalon_pio "display_lcd"
Info: jtag_uart_0: Starting RTL generation for module 'JooJump_processor_jtag_uart_0'
Info: jtag_uart_0:   Generation command is [exec /opt/intelFPGA_lite/18.0/quartus/linux64/perl/bin/perl -I /opt/intelFPGA_lite/18.0/quartus/linux64/perl/lib -I /opt/intelFPGA_lite/18.0/quartus/sopc_builder/bin/europa -I /opt/intelFPGA_lite/18.0/quartus/sopc_builder/bin/perl_lib -I /opt/intelFPGA_lite/18.0/quartus/sopc_builder/bin -I /opt/intelFPGA_lite/18.0/quartus/../ip/altera/sopc_builder_ip/common -I /opt/intelFPGA_lite/18.0/quartus/../ip/altera/sopc_builder_ip/altera_avalon_jtag_uart -- /opt/intelFPGA_lite/18.0/quartus/../ip/altera/sopc_builder_ip/altera_avalon_jtag_uart/generate_rtl.pl --name=JooJump_processor_jtag_uart_0 --dir=/tmp/alt8225_8771580247887457246.dir/0024_jtag_uart_0_gen/ --quartus_dir=/opt/intelFPGA_lite/18.0/quartus --verilog --config=/tmp/alt8225_8771580247887457246.dir/0024_jtag_uart_0_gen//JooJump_processor_jtag_uart_0_component_configuration.pl  --do_build_sim=0  ]
Info: jtag_uart_0: Done RTL generation for module 'JooJump_processor_jtag_uart_0'
Info: jtag_uart_0: "JooJump_processor" instantiated altera_avalon_jtag_uart "jtag_uart_0"
Info: nios2_gen2_0: "JooJump_processor" instantiated altera_nios2_gen2 "nios2_gen2_0"
Info: onchip_memory2_0: Starting RTL generation for module 'JooJump_processor_onchip_memory2_0'
Info: onchip_memory2_0:   Generation command is [exec /opt/intelFPGA_lite/18.0/quartus/linux64/perl/bin/perl -I /opt/intelFPGA_lite/18.0/quartus/linux64/perl/lib -I /opt/intelFPGA_lite/18.0/quartus/sopc_builder/bin/europa -I /opt/intelFPGA_lite/18.0/quartus/sopc_builder/bin/perl_lib -I /opt/intelFPGA_lite/18.0/quartus/sopc_builder/bin -I /opt/intelFPGA_lite/18.0/quartus/../ip/altera/sopc_builder_ip/common -I /opt/intelFPGA_lite/18.0/quartus/../ip/altera/sopc_builder_ip/altera_avalon_onchip_memory2 -- /opt/intelFPGA_lite/18.0/quartus/../ip/altera/sopc_builder_ip/altera_avalon_onchip_memory2/generate_rtl.pl --name=JooJump_processor_onchip_memory2_0 --dir=/tmp/alt8225_8771580247887457246.dir/0025_onchip_memory2_0_gen/ --quartus_dir=/opt/intelFPGA_lite/18.0/quartus --verilog --config=/tmp/alt8225_8771580247887457246.dir/0025_onchip_memory2_0_gen//JooJump_processor_onchip_memory2_0_component_configuration.pl  --do_build_sim=0  ]
Info: onchip_memory2_0: Done RTL generation for module 'JooJump_processor_onchip_memory2_0'
Info: onchip_memory2_0: "JooJump_processor" instantiated altera_avalon_onchip_memory2 "onchip_memory2_0"
Info: sysid_qsys_0: "JooJump_processor" instantiated altera_avalon_sysid_qsys "sysid_qsys_0"
Info: avalon_st_adapter: Inserting error_adapter: error_adapter_0
Info: avalon_st_adapter_001: Inserting error_adapter: error_adapter_0
Info: avalon_st_adapter_002: Inserting error_adapter: error_adapter_0
Info: avalon_st_adapter_003: Inserting error_adapter: error_adapter_0
Info: avalon_st_adapter_004: Inserting error_adapter: error_adapter_0
Info: avalon_st_adapter_005: Inserting error_adapter: error_adapter_0
Info: mm_interconnect_0: "JooJump_processor" instantiated altera_mm_interconnect "mm_interconnect_0"
Info: irq_mapper: "JooJump_processor" instantiated altera_irq_mapper "irq_mapper"
Info: rst_controller: "JooJump_processor" instantiated altera_reset_controller "rst_controller"
Info: cpu: Starting RTL generation for module 'JooJump_processor_nios2_gen2_0_cpu'
Info: cpu:   Generation command is [exec /opt/intelFPGA_lite/18.0/quartus/linux64//eperlcmd -I /opt/intelFPGA_lite/18.0/quartus/linux64//perl/lib -I /opt/intelFPGA_lite/18.0/quartus/sopc_builder/bin/europa -I /opt/intelFPGA_lite/18.0/quartus/sopc_builder/bin/perl_lib -I /opt/intelFPGA_lite/18.0/quartus/sopc_builder/bin -I /opt/intelFPGA_lite/18.0/quartus/../ip/altera/nios2_ip/altera_nios2_gen2/cpu_lib -I /opt/intelFPGA_lite/18.0/quartus/../ip/altera/nios2_ip/altera_nios2_gen2/nios_lib -I /opt/intelFPGA_lite/18.0/quartus/../ip/altera/nios2_ip/altera_nios2_gen2 -I /opt/intelFPGA_lite/18.0/quartus/../ip/altera/nios2_ip/altera_nios2_gen2 -- /opt/intelFPGA_lite/18.0/quartus/../ip/altera/nios2_ip/altera_nios2_gen2/generate_rtl.epl --name=JooJump_processor_nios2_gen2_0_cpu --dir=/tmp/alt8225_8771580247887457246.dir/0029_cpu_gen/ --quartus_bindir=/opt/intelFPGA_lite/18.0/quartus/linux64/ --verilog --config=/tmp/alt8225_8771580247887457246.dir/0029_cpu_gen//JooJump_processor_nios2_gen2_0_cpu_processor_configuration.pl  --do_build_sim=0  ]
Info: cpu: # 2019.11.25 20:22:39 (*) Starting Nios II generation
Info: cpu: # 2019.11.25 20:22:39 (*)   Checking for plaintext license.
Info: cpu: # 2019.11.25 20:22:40 (*)   Couldn't query license setup in Quartus directory /opt/intelFPGA_lite/18.0/quartus/linux64/
Info: cpu: # 2019.11.25 20:22:40 (*)   Defaulting to contents of LM_LICENSE_FILE environment variable
Info: cpu: # 2019.11.25 20:22:40 (*)   LM_LICENSE_FILE environment variable is empty
Info: cpu: # 2019.11.25 20:22:40 (*)   Plaintext license not found.
Info: cpu: # 2019.11.25 20:22:40 (*)   No license required to generate encrypted Nios II/e.
Info: cpu: # 2019.11.25 20:22:40 (*)   Elaborating CPU configuration settings
Info: cpu: # 2019.11.25 20:22:41 (*)   Creating all objects for CPU
Info: cpu: # 2019.11.25 20:22:43 (*)   Generating RTL from CPU objects
Info: cpu: # 2019.11.25 20:22:43 (*)   Creating plain-text RTL
Info: cpu: # 2019.11.25 20:22:44 (*) Done Nios II generation
Info: cpu: Done RTL generation for module 'JooJump_processor_nios2_gen2_0_cpu'
Info: cpu: "nios2_gen2_0" instantiated altera_nios2_gen2_unit "cpu"
Info: nios2_gen2_0_data_master_translator: "mm_interconnect_0" instantiated altera_merlin_master_translator "nios2_gen2_0_data_master_translator"
Info: jtag_uart_0_avalon_jtag_slave_translator: "mm_interconnect_0" instantiated altera_merlin_slave_translator "jtag_uart_0_avalon_jtag_slave_translator"
Info: nios2_gen2_0_data_master_agent: "mm_interconnect_0" instantiated altera_merlin_master_agent "nios2_gen2_0_data_master_agent"
Info: jtag_uart_0_avalon_jtag_slave_agent: "mm_interconnect_0" instantiated altera_merlin_slave_agent "jtag_uart_0_avalon_jtag_slave_agent"
Info: jtag_uart_0_avalon_jtag_slave_agent_rsp_fifo: "mm_interconnect_0" instantiated altera_avalon_sc_fifo "jtag_uart_0_avalon_jtag_slave_agent_rsp_fifo"
Info: router: "mm_interconnect_0" instantiated altera_merlin_router "router"
Info: router_002: "mm_interconnect_0" instantiated altera_merlin_router "router_002"
Info: cmd_demux: "mm_interconnect_0" instantiated altera_merlin_demultiplexer "cmd_demux"
Info: cmd_mux: "mm_interconnect_0" instantiated altera_merlin_multiplexer "cmd_mux"
Info: rsp_demux: "mm_interconnect_0" instantiated altera_merlin_demultiplexer "rsp_demux"
Info: rsp_mux: "mm_interconnect_0" instantiated altera_merlin_multiplexer "rsp_mux"
Info: Reusing file /home/jictyvoo/Documents/git/SistemasP1/src/quartus_project/JooJump_processor/synthesis/submodules/altera_merlin_arbitrator.sv
Info: avalon_st_adapter: "mm_interconnect_0" instantiated altera_avalon_st_adapter "avalon_st_adapter"
Info: error_adapter_0: "avalon_st_adapter" instantiated error_adapter "error_adapter_0"
Info: JooJump_processor: Done "JooJump_processor" with 24 modules, 36 files
Info: qsys-generate succeeded.
Info: Finished: Create HDL design files for synthesis
